<?xml version="1.0" encoding="UTF-8"?>
<testng-results ignored="0" total="1" passed="1" failed="0" skipped="0">
  <reporter-output>
  </reporter-output>
  <suite started-at="2024-08-29T15:45:18 IST" name="Default suite" finished-at="2024-08-29T15:45:50 IST" duration-ms="31673">
    <groups>
    </groups>
    <test started-at="2024-08-29T15:45:18 IST" name="Default test" finished-at="2024-08-29T15:45:50 IST" duration-ms="31673">
      <class name="steps.Homepagestep">
        <test-method is-config="true" signature="setup()[pri:0, instance:steps.Homepagestep@67f639d3]" started-at="2024-08-29T15:45:18 IST" name="setup" finished-at="2024-08-29T15:45:49 IST" duration-ms="30576" status="PASS">
          <reporter-output>
          </reporter-output>
        </test-method> <!-- setup -->
        <test-method signature="verifyText()[pri:0, instance:steps.Homepagestep@67f639d3]" started-at="2024-08-29T15:45:49 IST" name="verifyText" finished-at="2024-08-29T15:45:50 IST" duration-ms="979" status="PASS">
          <reporter-output>
          </reporter-output>
        </test-method> <!-- verifyText -->
      </class> <!-- steps.Homepagestep -->
    </test> <!-- Default test -->
  </suite> <!-- Default suite -->
</testng-results>
